0 info it worked if it ends with ok
1 verbose cli [ '/home/ubuntu/.nvm/v0.10.35/bin/node',
1 verbose cli   '/home/ubuntu/.nvm/v0.10.35/bin/npm',
1 verbose cli   'install',
1 verbose cli   '-d' ]
2 info using npm@1.4.28
3 info using node@v0.10.35
4 warn package.json onhanh-admin-theme@0.1.0 No description
5 warn package.json onhanh-admin-theme@0.1.0 No repository field.
6 warn package.json onhanh-admin-theme@0.1.0 No README data
7 verbose readDependencies using package.json deps
8 verbose install where, deps [ '/home/ubuntu/workspace',
8 verbose install   [ 'grunt',
8 verbose install     'grunt-contrib-jshint',
8 verbose install     'grunt-contrib-nodeunit',
8 verbose install     'grunt-contrib-uglify',
8 verbose install     'grunt-contrib-copy',
8 verbose install     'grunt-contrib-watch',
8 verbose install     'grunt-contrib-concat',
8 verbose install     'grunt-angular-templates' ] ]
9 info preinstall onhanh-admin-theme@0.1.0
10 verbose readDependencies using package.json deps
11 verbose already installed skipping grunt@~0.4.5 /home/ubuntu/workspace
12 verbose already installed skipping grunt-contrib-jshint@~0.10.0 /home/ubuntu/workspace
13 verbose already installed skipping grunt-contrib-nodeunit@~0.4.1 /home/ubuntu/workspace
14 verbose already installed skipping grunt-contrib-uglify@~0.5.0 /home/ubuntu/workspace
15 verbose already installed skipping grunt-contrib-copy@0.8.x /home/ubuntu/workspace
16 verbose already installed skipping grunt-contrib-watch@0.6.1 /home/ubuntu/workspace
17 verbose already installed skipping grunt-contrib-concat@0.5.x /home/ubuntu/workspace
18 verbose cache add [ 'grunt-angular-templates@2.0.x', null ]
19 verbose cache add name=undefined spec="grunt-angular-templates@2.0.x" args=["grunt-angular-templates@2.0.x",null]
20 verbose parsed url { protocol: null,
20 verbose parsed url   slashes: null,
20 verbose parsed url   auth: null,
20 verbose parsed url   host: null,
20 verbose parsed url   port: null,
20 verbose parsed url   hostname: null,
20 verbose parsed url   hash: null,
20 verbose parsed url   search: null,
20 verbose parsed url   query: null,
20 verbose parsed url   pathname: 'grunt-angular-templates@2.0.x',
20 verbose parsed url   path: 'grunt-angular-templates@2.0.x',
20 verbose parsed url   href: 'grunt-angular-templates@2.0.x' }
21 verbose cache add name="grunt-angular-templates" spec="2.0.x" args=["grunt-angular-templates","2.0.x"]
22 verbose parsed url { protocol: null,
22 verbose parsed url   slashes: null,
22 verbose parsed url   auth: null,
22 verbose parsed url   host: null,
22 verbose parsed url   port: null,
22 verbose parsed url   hostname: null,
22 verbose parsed url   hash: null,
22 verbose parsed url   search: null,
22 verbose parsed url   query: null,
22 verbose parsed url   pathname: '2.0.x',
22 verbose parsed url   path: '2.0.x',
22 verbose parsed url   href: '2.0.x' }
23 verbose addNamed [ 'grunt-angular-templates', '2.0.x' ]
24 verbose addNamed [ null, '>=2.0.0-0 <2.1.0-0' ]
25 silly lockFile e649f0e6-grunt-angular-templates-2-0-x grunt-angular-templates@2.0.x
26 verbose lock grunt-angular-templates@2.0.x /home/ubuntu/.npm/e649f0e6-grunt-angular-templates-2-0-x.lock
27 silly addNameRange { name: 'grunt-angular-templates',
27 silly addNameRange   range: '>=2.0.0-0 <2.1.0-0',
27 silly addNameRange   hasData: false }
28 verbose request where is /grunt-angular-templates
29 verbose request registry https://registry.npmjs.org/
30 verbose request id 4eb4fd4a92b1c2e2
31 verbose url raw /grunt-angular-templates
32 verbose url resolving [ 'https://registry.npmjs.org/', './grunt-angular-templates' ]
33 verbose url resolved https://registry.npmjs.org/grunt-angular-templates
34 verbose request where is https://registry.npmjs.org/grunt-angular-templates
35 info trying registry request attempt 1 at 02:17:12
36 http GET https://registry.npmjs.org/grunt-angular-templates
37 http 200 https://registry.npmjs.org/grunt-angular-templates
38 silly registry.get cb [ 200,
38 silly registry.get   { server: 'CouchDB/1.5.0 (Erlang OTP/R16B03)',
38 silly registry.get     etag: '"DRVG4IED7GB25LEAW51LNGORN"',
38 silly registry.get     'content-type': 'application/json',
38 silly registry.get     'cache-control': 'max-age=60',
38 silly registry.get     'content-length': '65898',
38 silly registry.get     'accept-ranges': 'bytes',
38 silly registry.get     date: 'Fri, 16 Oct 2015 02:17:12 GMT',
38 silly registry.get     via: '1.1 varnish',
38 silly registry.get     age: '0',
38 silly registry.get     connection: 'keep-alive',
38 silly registry.get     'x-served-by': 'cache-hkg6825-HKG',
38 silly registry.get     'x-cache': 'MISS',
38 silly registry.get     'x-cache-hits': '0',
38 silly registry.get     'x-timer': 'S1444961832.679787,VS0,VE234',
38 silly registry.get     vary: 'Accept' } ]
39 silly addNameRange number 2 { name: 'grunt-angular-templates',
39 silly addNameRange   range: '>=2.0.0-0 <2.1.0-0',
39 silly addNameRange   hasData: true }
40 silly addNameRange versions [ 'grunt-angular-templates',
40 silly addNameRange   [ '0.1.0',
40 silly addNameRange     '0.1.1',
40 silly addNameRange     '0.1.2',
40 silly addNameRange     '0.1.3',
40 silly addNameRange     '0.2.1',
40 silly addNameRange     '0.2.2',
40 silly addNameRange     '0.3.0',
40 silly addNameRange     '0.3.1',
40 silly addNameRange     '0.3.2',
40 silly addNameRange     '0.3.3',
40 silly addNameRange     '0.3.4',
40 silly addNameRange     '0.3.6',
40 silly addNameRange     '0.3.7',
40 silly addNameRange     '0.3.8',
40 silly addNameRange     '0.3.9',
40 silly addNameRange     '0.3.10',
40 silly addNameRange     '0.3.11',
40 silly addNameRange     '0.3.12',
40 silly addNameRange     '0.4.0',
40 silly addNameRange     '0.4.1',
40 silly addNameRange     '0.4.2',
40 silly addNameRange     '0.4.3',
40 silly addNameRange     '0.4.4',
40 silly addNameRange     '0.4.5',
40 silly addNameRange     '0.4.6',
40 silly addNameRange     '0.4.7',
40 silly addNameRange     '0.4.9',
40 silly addNameRange     '0.5.0',
40 silly addNameRange     '0.4.10',
40 silly addNameRange     '0.5.1',
40 silly addNameRange     '0.5.2',
40 silly addNameRange     '0.5.3',
40 silly addNameRange     '0.5.4',
40 silly addNameRange     '0.5.5',
40 silly addNameRange     '0.5.6',
40 silly addNameRange     '0.5.7' ] ]
41 silly lockFile e649f0e6-grunt-angular-templates-2-0-x grunt-angular-templates@2.0.x
42 silly lockFile e649f0e6-grunt-angular-templates-2-0-x grunt-angular-templates@2.0.x
43 error notarget No compatible version found: grunt-angular-templates@'>=2.0.0-0 <2.1.0-0'
43 error notarget Valid install targets:
43 error notarget ["0.1.0","0.1.1","0.1.2","0.1.3","0.2.1","0.2.2","0.3.0","0.3.1","0.3.2","0.3.3","0.3.4","0.3.6","0.3.7","0.3.8","0.3.9","0.3.10","0.3.11","0.3.12","0.4.0","0.4.1","0.4.2","0.4.3","0.4.4","0.4.5","0.4.6","0.4.7","0.4.9","0.5.0","0.4.10","0.5.1","0.5.2","0.5.3","0.5.4","0.5.5","0.5.6","0.5.7"]
43 error notarget
43 error notarget This is most likely not a problem with npm itself.
43 error notarget In most cases you or one of your dependencies are requesting
43 error notarget a package version that doesn't exist.
44 error System Linux 3.14.13-c9
45 error command "/home/ubuntu/.nvm/v0.10.35/bin/node" "/home/ubuntu/.nvm/v0.10.35/bin/npm" "install" "-d"
46 error cwd /home/ubuntu/workspace
47 error node -v v0.10.35
48 error npm -v 1.4.28
49 error code ETARGET
50 verbose exit [ 1, true ]
